ssh_exchange_identification: Connection closed by remote host
 15:38:04 up 43 days, 21:16,  2 users,  load average: 9.84, 11.49, 13.52
 15:38:05 up 3 days, 18:01,  2 users,  load average: 34.30, 32.98, 33.77
ssh: connect to host csews33 port 22: No route to host
ssh: connect to host csews34 port 22: No route to host
 15:38:14 up 43 days,  4:02,  0 users,  load average: 41.03, 38.48, 39.45
 15:38:15 up 43 days, 21:16,  2 users,  load average: 35.72, 34.59, 35.41
 15:38:14 up 77 days,  4:54,  0 users,  load average: 8.59, 8.29, 8.19
 15:38:13 up 48 days, 19 min,  0 users,  load average: 8.71, 8.37, 8.28
[3J[H[2Jcsews2
csews3
csews2,csews3,csews4,csews5,csews6,csews7,csews8,csews9,csews10,csews11,csews12,csews14,csews15,csews16,csews31
1 1
csews13
csews13,csews17,csews18,csews19,csews20,csews21,csews22,csews23,csews24,csews25,csews26,csews27,csews28,csews29,csews30,csews32
2 2
csews33
csews34
csews35
csews33,csews34,csews35,csews36,csews37,csews38,csews39,csews40,csews41,csews42,csews43,csews44,csews46
3 3
csews45
csews45,csews47,csews48,csews49,csews50,csews51,csews52,csews53,csews54,csews56,csews58,csews59,csews60,csews61
4 4
csews62
csews62,csews63,csews64,csews65,csews66,csews67,csews68,csews69,csews70,csews71,csews72,csews73,csews74,csews75,csews76,csews77,csews78
5 5
csews79
i 1  P 4 ppn 1 d 16
i 1  P 4 ppn 1 d 256
i 1  P 4 ppn 1 d 2048
 15:44:14 up 9 days,  2:59,  0 users,  load average: 35.46, 33.94, 32.86
 15:44:15 up 3 days, 18:07,  2 users,  load average: 39.24, 37.21, 35.36
ssh: connect to host csews33 port 22: No route to host
ssh: connect to host csews34 port 22: No route to host
 15:44:24 up 43 days,  4:08,  0 users,  load average: 45.89, 43.55, 41.38
 15:44:26 up 43 days, 21:22,  2 users,  load average: 41.05, 38.79, 37.01
 15:44:25 up 77 days,  5:00,  0 users,  load average: 8.10, 8.17, 8.17
 15:44:23 up 48 days, 25 min,  0 users,  load average: 8.35, 8.28, 8.26
[3J[H[2Jcsews2
csews2,csews3,csews4,csews5,csews6,csews7,csews8,csews9,csews10,csews11,csews12,csews14,csews15,csews16,csews31
1 1
csews13
csews13,csews17,csews18,csews19,csews20,csews21,csews22,csews23,csews24,csews25,csews26,csews27,csews28,csews29,csews30,csews32
2 2
csews33
csews34
csews35
csews33,csews34,csews35,csews36,csews37,csews38,csews39,csews40,csews41,csews42,csews43,csews44,csews46
3 3
csews45
csews45,csews47,csews48,csews49,csews50,csews51,csews52,csews53,csews54,csews56,csews58,csews59,csews60,csews61
4 4
csews62
csews62,csews63,csews64,csews65,csews66,csews67,csews68,csews69,csews70,csews71,csews72,csews73,csews74,csews75,csews76,csews77,csews78
5 5
csews79
i 1  P 4 ppn 8 d 16
i 1  P 4 ppn 8 d 256
i 1  P 4 ppn 8 d 2048
 16:07:37 up 9 days,  3:23,  0 users,  load average: 28.42, 28.39, 29.51
 16:07:38 up 43 days, 21:45,  2 users,  load average: 9.51, 9.82, 11.33
 16:13:40 up 43 days, 21:51,  6 users,  load average: 15.00, 9.81, 8.44
 16:13:41 up 3 days, 18:36,  2 users,  load average: 37.35, 33.38, 31.91
 16:13:41 up 1 day, 17:14,  1 user,  load average: 10.79, 6.84, 5.23
ssh: connect to host csews18 port 22: No route to host
ssh: connect to host csews19 port 22: No route to host
 16:13:48 up 3 days, 22:36,  1 user,  load average: 9.50, 6.23, 5.09
ssh: connect to host csews33 port 22: No route to host
ssh: connect to host csews34 port 22: No route to host
 16:13:56 up 43 days,  4:37,  0 users,  load average: 41.43, 38.36, 37.45
 16:13:56 up 43 days,  4:37,  1 user,  load average: 8.42, 5.84, 4.41
 16:13:57 up 35 days,  1:21,  2 users,  load average: 9.37, 6.03, 4.51
 16:13:58 up 43 days, 21:52,  1 user,  load average: 40.47, 36.56, 34.88
ssh: connect to host csews47 port 22: No route to host
 16:14:02 up 37 days,  3:26,  0 users,  load average: 14.81, 12.15, 10.63
 16:14:04 up 43 days, 21:52,  0 users,  load average: 14.70, 12.03, 10.59
 16:14:02 up 77 days,  5:30,  0 users,  load average: 8.20, 8.19, 8.16
 16:14:04 up 77 days,  5:29,  0 users,  load average: 8.11, 8.11, 8.13
 16:14:03 up 77 days,  5:29,  0 users,  load average: 8.10, 8.11, 8.13
 16:14:03 up 48 days, 55 min,  0 users,  load average: 8.26, 8.18, 8.15
 16:14:03 up 43 days,  5:11,  0 users,  load average: 8.23, 8.19, 8.17
 16:20:01 up 77 days,  5:28,  0 users,  load average: 8.12, 8.09, 8.12
[3J[H[2Jcsews2
csews3
csews4
csews2,csews3,csews4,csews5,csews6,csews7,csews8,csews9,csews10,csews11,csews12,csews14,csews15,csews16,csews31
1 1
csews13
csews17
csews18
csews19
csews20
csews13,csews17,csews18,csews19,csews20,csews21,csews22,csews23,csews24,csews25,csews26,csews27,csews28,csews29,csews30,csews32
2 2
csews33
csews34
csews35
csews36
csews37
csews33,csews34,csews35,csews36,csews37,csews38,csews39,csews40,csews41,csews42,csews43,csews44,csews46
3 3
csews45
csews47
csews48
csews49
csews45,csews47,csews48,csews49,csews50,csews51,csews52,csews53,csews54,csews56,csews58,csews59,csews60,csews61
4 4
csews62
csews63
csews64
csews62,csews63,csews64,csews65,csews66,csews67,csews68,csews69,csews70,csews71,csews72,csews73,csews74,csews75,csews76,csews77,csews78
5 5
csews79
csews80
csews81
i 1  P 16 ppn 1 d 16
i 1  P 16 ppn 1 d 256
i 1  P 16 ppn 1 d 2048
 16:33:34 up 9 days,  3:49,  0 users,  load average: 35.21, 33.64, 31.77
 16:33:35 up 43 days, 22:11,  2 users,  load average: 9.88, 9.78, 10.47
 16:39:31 up 43 days, 22:17,  6 users,  load average: 7.11, 5.87, 6.13
 16:39:32 up 3 days, 19:02,  2 users,  load average: 31.00, 30.04, 29.66
 16:39:33 up 1 day, 17:40,  1 user,  load average: 5.18, 3.39, 3.16
ssh: connect to host csews18 port 22: No route to host
ssh: connect to host csews19 port 22: No route to host
 16:39:39 up 3 days, 23:02,  1 user,  load average: 3.70, 3.37, 3.30
ssh: connect to host csews33 port 22: No route to host
ssh: connect to host csews34 port 22: No route to host
 16:39:47 up 43 days,  5:03,  0 users,  load average: 36.91, 35.94, 35.72
 16:39:47 up 43 days,  5:03,  1 user,  load average: 2.91, 2.60, 2.69
 16:39:48 up 35 days,  1:47,  2 users,  load average: 4.09, 3.05, 2.90
 16:39:50 up 43 days, 22:18,  1 user,  load average: 32.42, 32.43, 32.84
ssh: connect to host csews47 port 22: No route to host
 16:39:54 up 37 days,  3:52,  0 users,  load average: 8.59, 8.56, 8.83
 16:39:55 up 43 days, 22:18,  0 users,  load average: 8.69, 8.53, 8.81
 16:39:54 up 77 days,  5:55,  0 users,  load average: 8.16, 8.27, 8.22
 16:39:55 up 77 days,  5:54,  0 users,  load average: 8.20, 8.21, 8.18
 16:39:55 up 77 days,  5:55,  0 users,  load average: 8.15, 8.17, 8.15
 16:39:54 up 48 days,  1:20,  0 users,  load average: 8.21, 8.16, 8.14
 16:39:55 up 43 days,  5:37,  0 users,  load average: 8.23, 8.16, 8.15
 16:45:53 up 77 days,  5:54,  0 users,  load average: 8.16, 8.11, 8.13
[3J[H[2Jcsews2
csews3
csews4
csews2,csews3,csews4,csews5,csews6,csews7,csews8,csews9,csews10,csews11,csews12,csews14,csews15,csews16,csews31
1 1
csews13
csews17
csews18
csews19
csews20
csews13,csews17,csews18,csews19,csews20,csews21,csews22,csews23,csews24,csews25,csews26,csews27,csews28,csews29,csews30,csews32
2 2
csews33
csews34
csews35
csews36
csews37
csews33,csews34,csews35,csews36,csews37,csews38,csews39,csews40,csews41,csews42,csews43,csews44,csews46
3 3
csews45
csews47
csews48
csews49
csews45,csews47,csews48,csews49,csews50,csews51,csews52,csews53,csews54,csews56,csews58,csews59,csews60,csews61
4 4
csews62
csews63
csews64
csews62,csews63,csews64,csews65,csews66,csews67,csews68,csews69,csews70,csews71,csews72,csews73,csews74,csews75,csews76,csews77,csews78
5 5
csews79
csews80
csews81
i 1  P 16 ppn 8 d 16
i 1  P 16 ppn 8 d 256
i 1  P 16 ppn 8 d 2048
 16:42:11 up 9 days,  3:57,  0 users,  load average: 41.86, 39.20, 35.17
 16:42:12 up 3 days, 19:05,  2 users,  load average: 34.07, 31.67, 30.33
ssh: connect to host csews33 port 22: No route to host
ssh: connect to host csews34 port 22: No route to host
 16:42:21 up 43 days,  5:06,  0 users,  load average: 36.97, 36.45, 35.96
 16:42:22 up 43 days, 22:20,  1 user,  load average: 33.54, 32.95, 32.97
 16:42:21 up 77 days,  5:58,  0 users,  load average: 8.28, 8.26, 8.23
 16:42:20 up 48 days,  1:23,  0 users,  load average: 8.31, 8.19, 8.15
[3J[H[2Jcsews2
csews2,csews3,csews4,csews5,csews6,csews7,csews8,csews9,csews10,csews11,csews12,csews14,csews15,csews16,csews31
1 1
csews13
csews13,csews17,csews18,csews19,csews20,csews21,csews22,csews23,csews24,csews25,csews26,csews27,csews28,csews29,csews30,csews32
2 2
csews33
csews34
csews35
csews33,csews34,csews35,csews36,csews37,csews38,csews39,csews40,csews41,csews42,csews43,csews44,csews46
3 3
csews45
csews45,csews47,csews48,csews49,csews50,csews51,csews52,csews53,csews54,csews56,csews58,csews59,csews60,csews61
4 4
csews62
csews62,csews63,csews64,csews65,csews66,csews67,csews68,csews69,csews70,csews71,csews72,csews73,csews74,csews75,csews76,csews77,csews78
5 5
csews79
i 2  P 4 ppn 1 d 16
i 2  P 4 ppn 1 d 256
i 2  P 4 ppn 1 d 2048
 16:44:24 up 9 days,  4:00,  0 users,  load average: 39.07, 39.51, 35.85
 16:44:25 up 3 days, 19:07,  2 users,  load average: 33.71, 32.43, 30.78
ssh: connect to host csews33 port 22: No route to host
ssh: connect to host csews34 port 22: No route to host
 16:44:33 up 43 days,  5:08,  0 users,  load average: 38.45, 37.48, 36.42
 16:44:35 up 43 days, 22:22,  1 user,  load average: 33.45, 33.37, 33.14
 16:44:33 up 77 days,  6:00,  0 users,  load average: 8.22, 8.23, 8.22
 16:44:32 up 48 days,  1:25,  0 users,  load average: 8.14, 8.19, 8.16
[3J[H[2Jcsews2
csews2,csews3,csews4,csews5,csews6,csews7,csews8,csews9,csews10,csews11,csews12,csews14,csews15,csews16,csews31
1 1
csews13
csews13,csews17,csews18,csews19,csews20,csews21,csews22,csews23,csews24,csews25,csews26,csews27,csews28,csews29,csews30,csews32
2 2
csews33
csews34
csews35
csews33,csews34,csews35,csews36,csews37,csews38,csews39,csews40,csews41,csews42,csews43,csews44,csews46
3 3
csews45
csews45,csews47,csews48,csews49,csews50,csews51,csews52,csews53,csews54,csews56,csews58,csews59,csews60,csews61
4 4
csews62
csews62,csews63,csews64,csews65,csews66,csews67,csews68,csews69,csews70,csews71,csews72,csews73,csews74,csews75,csews76,csews77,csews78
5 5
csews79
i 2  P 4 ppn 8 d 16
i 2  P 4 ppn 8 d 256
i 2  P 4 ppn 8 d 2048
 16:47:07 up 9 days,  4:02,  0 users,  load average: 36.47, 38.62, 36.13
 16:47:07 up 43 days, 22:25,  2 users,  load average: 9.88, 11.64, 11.35
ssh_exchange_identification: Connection closed by remote host
 16:47:08 up 37 days,  4:28,  1 user,  load average: 16.49, 17.33, 17.12
 16:47:09 up 3 days, 19:10,  2 users,  load average: 31.55, 31.87, 30.83
 16:47:09 up 1 day, 17:47,  1 user,  load average: 2.46, 3.46, 3.34
ssh: connect to host csews18 port 22: No route to host
ssh: connect to host csews19 port 22: No route to host
 16:47:16 up 3 days, 23:10,  2 users,  load average: 2.18, 3.22, 3.32
ssh: connect to host csews33 port 22: No route to host
ssh: connect to host csews34 port 22: No route to host
 16:47:24 up 43 days,  5:11,  0 users,  load average: 35.14, 36.85, 36.39
 16:47:24 up 43 days,  5:10,  1 user,  load average: 1.97, 2.73, 2.78
 16:47:25 up 35 days,  1:54,  2 users,  load average: 2.51, 3.27, 3.12
 16:47:26 up 43 days, 22:25,  1 user,  load average: 32.44, 32.95, 33.02
ssh: connect to host csews47 port 22: No route to host
 16:47:31 up 37 days,  4:00,  0 users,  load average: 8.35, 8.50, 8.70
 16:47:32 up 43 days, 22:25,  0 users,  load average: 8.29, 8.37, 8.63
 16:47:31 up 77 days,  6:03,  0 users,  load average: 8.26, 8.22, 8.23
 16:47:33 up 77 days,  6:02,  0 users,  load average: 8.17, 8.31, 8.26
 16:47:32 up 77 days,  6:02,  0 users,  load average: 8.13, 8.18, 8.15
 16:47:31 up 48 days,  1:28,  0 users,  load average: 8.20, 8.20, 8.16
 16:47:32 up 43 days,  5:44,  0 users,  load average: 8.35, 8.25, 8.19
 16:53:30 up 77 days,  6:01,  0 users,  load average: 8.20, 8.24, 8.18
[3J[H[2Jcsews2
csews3
csews4
csews5
csews2,csews3,csews4,csews5,csews6,csews7,csews8,csews9,csews10,csews11,csews12,csews14,csews15,csews16,csews31
1 1
csews13
csews17
csews18
csews19
csews20
csews13,csews17,csews18,csews19,csews20,csews21,csews22,csews23,csews24,csews25,csews26,csews27,csews28,csews29,csews30,csews32
2 2
csews33
csews34
csews35
csews36
csews37
csews33,csews34,csews35,csews36,csews37,csews38,csews39,csews40,csews41,csews42,csews43,csews44,csews46
3 3
csews45
csews47
csews48
csews49
csews45,csews47,csews48,csews49,csews50,csews51,csews52,csews53,csews54,csews56,csews58,csews59,csews60,csews61
4 4
csews62
csews63
csews64
csews62,csews63,csews64,csews65,csews66,csews67,csews68,csews69,csews70,csews71,csews72,csews73,csews74,csews75,csews76,csews77,csews78
5 5
csews79
csews80
csews81
i 2  P 16 ppn 1 d 16
i 2  P 16 ppn 1 d 256
i 2  P 16 ppn 1 d 2048
 17:00:21 up 9 days,  4:16,  0 users,  load average: 39.57, 37.60, 36.74
 17:00:22 up 43 days, 22:38,  2 users,  load average: 9.86, 10.00, 10.58
 17:06:13 up 43 days, 22:44,  6 users,  load average: 8.64, 8.45, 7.75
 17:06:14 up 3 days, 19:29,  2 users,  load average: 30.62, 30.92, 30.71
 17:06:14 up 1 day, 18:06,  1 user,  load average: 2.00, 3.03, 3.14
ssh: connect to host csews18 port 22: No route to host
ssh: connect to host csews19 port 22: No route to host
 17:06:21 up 3 days, 23:29,  2 users,  load average: 2.49, 3.31, 3.18
ssh: connect to host csews33 port 22: No route to host
ssh: connect to host csews34 port 22: No route to host
 17:06:29 up 43 days,  5:30,  0 users,  load average: 35.06, 35.85, 36.00
 17:06:29 up 43 days,  5:30,  1 user,  load average: 2.23, 2.51, 2.56
 17:06:29 up 35 days,  2:13,  2 users,  load average: 2.18, 2.79, 2.87
 17:06:31 up 43 days, 22:44,  1 user,  load average: 33.07, 32.84, 32.73
ssh: connect to host csews47 port 22: No route to host
 17:06:35 up 37 days,  4:19,  0 users,  load average: 8.80, 8.74, 8.62
 17:06:36 up 43 days, 22:44,  0 users,  load average: 8.77, 8.76, 8.62
 17:06:35 up 77 days,  6:22,  0 users,  load average: 8.16, 8.24, 8.25
 17:06:37 up 77 days,  6:21,  0 users,  load average: 8.16, 8.26, 8.27
 17:06:36 up 77 days,  6:21,  0 users,  load average: 8.15, 8.16, 8.14
 17:06:36 up 48 days,  1:47,  0 users,  load average: 8.13, 8.19, 8.18
 17:06:37 up 43 days,  6:04,  0 users,  load average: 8.11, 8.18, 8.17
 17:12:35 up 77 days,  6:20,  0 users,  load average: 8.17, 8.15, 8.15
[3J[H[2Jcsews2
csews3
csews4
csews2,csews3,csews4,csews5,csews6,csews7,csews8,csews9,csews10,csews11,csews12,csews14,csews15,csews16,csews31
1 1
csews13
csews17
csews18
csews19
csews20
csews13,csews17,csews18,csews19,csews20,csews21,csews22,csews23,csews24,csews25,csews26,csews27,csews28,csews29,csews30,csews32
2 2
csews33
csews34
csews35
csews36
csews37
csews33,csews34,csews35,csews36,csews37,csews38,csews39,csews40,csews41,csews42,csews43,csews44,csews46
3 3
csews45
csews47
csews48
csews49
csews45,csews47,csews48,csews49,csews50,csews51,csews52,csews53,csews54,csews56,csews58,csews59,csews60,csews61
4 4
csews62
csews63
csews64
csews62,csews63,csews64,csews65,csews66,csews67,csews68,csews69,csews70,csews71,csews72,csews73,csews74,csews75,csews76,csews77,csews78
5 5
csews79
csews80
csews81
i 2  P 16 ppn 8 d 16
i 2  P 16 ppn 8 d 256
i 2  P 16 ppn 8 d 2048
 17:08:50 up 9 days,  4:24,  0 users,  load average: 37.60, 37.46, 37.07
 17:08:51 up 3 days, 19:31,  2 users,  load average: 35.12, 32.30, 31.24
ssh: connect to host csews33 port 22: No route to host
ssh: connect to host csews34 port 22: No route to host
 17:08:59 up 43 days,  5:32,  0 users,  load average: 35.60, 35.86, 35.98
 17:09:01 up 43 days, 22:47,  1 user,  load average: 33.71, 32.99, 32.79
 17:08:59 up 77 days,  6:24,  0 users,  load average: 8.13, 8.19, 8.23
 17:08:58 up 48 days,  1:49,  0 users,  load average: 8.58, 8.31, 8.23
[3J[H[2Jcsews2
csews2,csews3,csews4,csews5,csews6,csews7,csews8,csews9,csews10,csews11,csews12,csews14,csews15,csews16,csews31
1 1
csews13
csews13,csews17,csews18,csews19,csews20,csews21,csews22,csews23,csews24,csews25,csews26,csews27,csews28,csews29,csews30,csews32
2 2
csews33
csews34
csews35
csews33,csews34,csews35,csews36,csews37,csews38,csews39,csews40,csews41,csews42,csews43,csews44,csews46
3 3
csews45
csews45,csews47,csews48,csews49,csews50,csews51,csews52,csews53,csews54,csews56,csews58,csews59,csews60,csews61
4 4
csews62
csews62,csews63,csews64,csews65,csews66,csews67,csews68,csews69,csews70,csews71,csews72,csews73,csews74,csews75,csews76,csews77,csews78
5 5
csews79
i 3  P 4 ppn 1 d 16
i 3  P 4 ppn 1 d 256
i 3  P 4 ppn 1 d 2048
 17:11:30 up 9 days,  4:27,  0 users,  load average: 35.57, 36.80, 36.88
 17:11:31 up 3 days, 19:34,  2 users,  load average: 31.23, 31.35, 31.02
ssh: connect to host csews33 port 22: No route to host
ssh: connect to host csews34 port 22: No route to host
 17:11:39 up 43 days,  5:35,  0 users,  load average: 35.94, 36.03, 36.04
 17:11:40 up 43 days, 22:49,  1 user,  load average: 32.58, 32.84, 32.77
 17:11:39 up 77 days,  6:27,  0 users,  load average: 8.28, 8.23, 8.24
 17:11:38 up 48 days,  1:52,  0 users,  load average: 8.13, 8.22, 8.21
[3J[H[2Jcsews2
csews2,csews3,csews4,csews5,csews6,csews7,csews8,csews9,csews10,csews11,csews12,csews14,csews15,csews16,csews31
1 1
csews13
csews13,csews17,csews18,csews19,csews20,csews21,csews22,csews23,csews24,csews25,csews26,csews27,csews28,csews29,csews30,csews32
2 2
csews33
csews34
csews35
csews33,csews34,csews35,csews36,csews37,csews38,csews39,csews40,csews41,csews42,csews43,csews44,csews46
3 3
csews45
csews45,csews47,csews48,csews49,csews50,csews51,csews52,csews53,csews54,csews56,csews58,csews59,csews60,csews61
4 4
csews62
csews62,csews63,csews64,csews65,csews66,csews67,csews68,csews69,csews70,csews71,csews72,csews73,csews74,csews75,csews76,csews77,csews78
5 5
csews79
i 3  P 4 ppn 8 d 16
i 3  P 4 ppn 8 d 256
i 3  P 4 ppn 8 d 2048
 17:30:30 up 9 days,  4:46,  0 users,  load average: 40.71, 36.19, 35.25
 17:30:31 up 43 days, 23:08,  2 users,  load average: 18.43, 14.24, 11.91
 17:30:57 up 43 days, 23:09,  6 users,  load average: 13.90, 11.20, 8.60
 17:30:58 up 3 days, 19:53,  2 users,  load average: 40.56, 35.16, 32.50
 17:30:59 up 1 day, 18:31,  1 user,  load average: 11.99, 8.22, 5.35
ssh: connect to host csews18 port 22: No route to host
ssh: connect to host csews19 port 22: No route to host
 17:31:05 up 3 days, 23:54,  2 users,  load average: 9.63, 6.79, 4.56
ssh: connect to host csews33 port 22: No route to host
ssh: connect to host csews34 port 22: No route to host
 17:31:14 up 43 days,  5:55,  0 users,  load average: 42.15, 39.97, 37.78
 17:31:14 up 43 days,  5:54,  1 user,  load average: 8.49, 6.26, 4.10
 17:31:15 up 35 days,  2:38,  2 users,  load average: 11.06, 7.35, 4.70
 17:31:16 up 43 days, 23:09,  1 user,  load average: 38.76, 36.54, 34.35
ssh: connect to host csews47 port 22: No route to host
 17:31:20 up 37 days,  4:43,  0 users,  load average: 13.75, 12.23, 10.11
 17:31:21 up 43 days, 23:09,  0 users,  load average: 13.71, 12.20, 10.06
 17:31:20 up 77 days,  6:47,  0 users,  load average: 8.16, 8.19, 8.23
 17:31:22 up 77 days,  6:46,  0 users,  load average: 8.27, 8.20, 8.22
 17:31:21 up 77 days,  6:46,  0 users,  load average: 8.21, 8.14, 8.14
 17:31:20 up 48 days,  2:12,  0 users,  load average: 8.21, 8.19, 8.21
 17:31:21 up 43 days,  6:28,  0 users,  load average: 8.02, 8.09, 8.13
 17:37:19 up 77 days,  6:45,  0 users,  load average: 8.20, 8.20, 8.19
[3J[H[2Jcsews2
csews3
csews4
csews2,csews3,csews4,csews5,csews6,csews7,csews8,csews9,csews10,csews11,csews12,csews14,csews15,csews16,csews31
1 1
csews13
csews17
csews18
csews19
csews20
csews13,csews17,csews18,csews19,csews20,csews21,csews22,csews23,csews24,csews25,csews26,csews27,csews28,csews29,csews30,csews32
2 2
csews33
csews34
csews35
csews36
csews37
csews33,csews34,csews35,csews36,csews37,csews38,csews39,csews40,csews41,csews42,csews43,csews44,csews46
3 3
csews45
csews47
csews48
csews49
csews45,csews47,csews48,csews49,csews50,csews51,csews52,csews53,csews54,csews56,csews58,csews59,csews60,csews61
4 4
csews62
csews63
csews64
csews62,csews63,csews64,csews65,csews66,csews67,csews68,csews69,csews70,csews71,csews72,csews73,csews74,csews75,csews76,csews77,csews78
5 5
csews79
csews80
csews81
i 3  P 16 ppn 1 d 16
ssh_exchange_identification: Connection closed by remote host
