 17:16:08 up 9 days,  4:31,  0 users,  load average: 31.67, 34.71, 36.07
 17:16:09 up 3 days, 19:39,  2 users,  load average: 28.83, 29.80, 30.44
ssh: connect to host csews33 port 22: No route to host
ssh: connect to host csews34 port 22: No route to host
 17:16:19 up 43 days,  5:40,  0 users,  load average: 36.37, 36.10, 36.03
 17:16:20 up 43 days, 22:54,  1 user,  load average: 32.58, 32.61, 32.68
 17:16:19 up 77 days,  6:32,  0 users,  load average: 8.19, 8.24, 8.24
 17:16:18 up 48 days,  1:57,  0 users,  load average: 8.07, 8.15, 8.19
[3J[H[2Jcsews2
csews2,csews3,csews4,csews5,csews6,csews7,csews8,csews9,csews10,csews11,csews12,csews14,csews15,csews16,csews31
1 1
csews13
csews13,csews17,csews18,csews19,csews20,csews21,csews22,csews23,csews24,csews25,csews26,csews27,csews28,csews29,csews30,csews32
2 2
csews33
csews34
csews35
csews33,csews34,csews35,csews36,csews37,csews38,csews39,csews40,csews41,csews42,csews43,csews44,csews46
3 3
csews45
csews45,csews47,csews48,csews49,csews50,csews51,csews52,csews53,csews54,csews56,csews58,csews59,csews60,csews61
4 4
csews62
csews62,csews63,csews64,csews65,csews66,csews67,csews68,csews69,csews70,csews71,csews72,csews73,csews74,csews75,csews76,csews77,csews78
5 5
csews79
i 1  P 4 ppn 1 d 16
i 1  P 4 ppn 1 d 256
i 1  P 4 ppn 1 d 2048
 17:22:05 up 9 days,  4:37,  0 users,  load average: 33.08, 33.17, 34.87
 17:22:06 up 3 days, 19:45,  2 users,  load average: 30.91, 30.65, 30.64
ssh: connect to host csews33 port 22: No route to host
ssh: connect to host csews34 port 22: No route to host
 17:22:14 up 43 days,  5:46,  0 users,  load average: 37.03, 36.67, 36.30
 17:22:16 up 43 days, 23:00,  1 user,  load average: 33.33, 33.08, 32.85
 17:22:15 up 77 days,  6:38,  0 users,  load average: 8.43, 8.35, 8.28
 17:22:13 up 48 days,  2:03,  0 users,  load average: 8.35, 8.22, 8.22
[3J[H[2Jcsews2
csews2,csews3,csews4,csews5,csews6,csews7,csews8,csews9,csews10,csews11,csews12,csews14,csews15,csews16,csews31
1 1
csews13
csews13,csews17,csews18,csews19,csews20,csews21,csews22,csews23,csews24,csews25,csews26,csews27,csews28,csews29,csews30,csews32
2 2
csews33
csews34
csews35
csews33,csews34,csews35,csews36,csews37,csews38,csews39,csews40,csews41,csews42,csews43,csews44,csews46
3 3
csews45
csews45,csews47,csews48,csews49,csews50,csews51,csews52,csews53,csews54,csews56,csews58,csews59,csews60,csews61
4 4
csews62
csews62,csews63,csews64,csews65,csews66,csews67,csews68,csews69,csews70,csews71,csews72,csews73,csews74,csews75,csews76,csews77,csews78
5 5
csews79
i 1  P 4 ppn 8 d 16
i 1  P 4 ppn 8 d 256
i 1  P 4 ppn 8 d 2048
