ssh_exchange_identification: Connection closed by remote host
 15:38:24 up 43 days, 21:16,  2 users,  load average: 9.46, 11.30, 13.42
 15:38:25 up 3 days, 18:01,  2 users,  load average: 33.33, 32.85, 33.71
ssh: connect to host csews33 port 22: No route to host
ssh: connect to host csews34 port 22: No route to host
 15:38:34 up 43 days,  4:02,  0 users,  load average: 40.39, 38.47, 39.42
 15:38:35 up 43 days, 21:16,  2 users,  load average: 34.81, 34.46, 35.35
 15:38:34 up 77 days,  4:54,  0 users,  load average: 8.49, 8.29, 8.19
 15:38:33 up 48 days, 19 min,  0 users,  load average: 8.67, 8.38, 8.29
[3J[H[2Jcsews2
csews3
csews2,csews3,csews4,csews5,csews6,csews7,csews8,csews9,csews10,csews11,csews12,csews14,csews15,csews16,csews31
1 1
csews13
csews13,csews17,csews18,csews19,csews20,csews21,csews22,csews23,csews24,csews25,csews26,csews27,csews28,csews29,csews30,csews32
2 2
csews33
csews34
csews35
csews33,csews34,csews35,csews36,csews37,csews38,csews39,csews40,csews41,csews42,csews43,csews44,csews46
3 3
csews45
csews45,csews47,csews48,csews49,csews50,csews51,csews52,csews53,csews54,csews56,csews58,csews59,csews60,csews61
4 4
csews62
csews62,csews63,csews64,csews65,csews66,csews67,csews68,csews69,csews70,csews71,csews72,csews73,csews74,csews75,csews76,csews77,csews78
5 5
csews79
i 1  P 4 ppn 1 d 16
i 1  P 4 ppn 1 d 256
i 1  P 4 ppn 1 d 2048
 15:44:39 up 9 days,  3:00,  0 users,  load average: 35.42, 34.05, 32.93
 15:44:40 up 3 days, 18:07,  2 users,  load average: 38.18, 37.11, 35.38
ssh: connect to host csews33 port 22: No route to host
ssh: connect to host csews34 port 22: No route to host
 15:44:49 up 43 days,  4:08,  0 users,  load average: 45.73, 43.68, 41.49
 15:44:51 up 43 days, 21:23,  2 users,  load average: 40.99, 38.96, 37.11
 15:44:49 up 77 days,  5:00,  0 users,  load average: 8.12, 8.18, 8.17
 15:44:48 up 48 days, 25 min,  0 users,  load average: 8.65, 8.36, 8.29
[3J[H[2Jcsews2
csews2,csews3,csews4,csews5,csews6,csews7,csews8,csews9,csews10,csews11,csews12,csews14,csews15,csews16,csews31
1 1
csews13
csews13,csews17,csews18,csews19,csews20,csews21,csews22,csews23,csews24,csews25,csews26,csews27,csews28,csews29,csews30,csews32
2 2
csews33
csews34
csews35
csews33,csews34,csews35,csews36,csews37,csews38,csews39,csews40,csews41,csews42,csews43,csews44,csews46
3 3
csews45
csews45,csews47,csews48,csews49,csews50,csews51,csews52,csews53,csews54,csews56,csews58,csews59,csews60,csews61
4 4
csews62
csews62,csews63,csews64,csews65,csews66,csews67,csews68,csews69,csews70,csews71,csews72,csews73,csews74,csews75,csews76,csews77,csews78
5 5
csews79
i 1  P 4 ppn 8 d 16
i 1  P 4 ppn 8 d 256
i 1  P 4 ppn 8 d 2048
 16:08:02 up 9 days,  3:23,  0 users,  load average: 27.59, 28.20, 29.42
 16:08:03 up 43 days, 21:46,  2 users,  load average: 9.82, 9.85, 11.30
 16:14:05 up 43 days, 21:52,  6 users,  load average: 15.48, 10.42, 8.68
 16:14:06 up 3 days, 18:37,  2 users,  load average: 34.78, 33.12, 31.86
 16:14:06 up 1 day, 17:14,  1 user,  load average: 8.49, 6.64, 5.21
ssh: connect to host csews18 port 22: No route to host
ssh: connect to host csews19 port 22: No route to host
 16:14:28 up 3 days, 22:37,  1 user,  load average: 7.59, 6.25, 5.15
ssh: connect to host csews33 port 22: No route to host
ssh: connect to host csews34 port 22: No route to host
 16:14:36 up 43 days,  4:38,  0 users,  load average: 38.91, 38.12, 37.41
 16:14:36 up 43 days,  4:38,  1 user,  load average: 5.31, 5.36, 4.31
 16:14:37 up 35 days,  1:21,  2 users,  load average: 6.08, 5.59, 4.42
 16:14:38 up 43 days, 21:52,  1 user,  load average: 36.82, 36.11, 34.80
ssh: connect to host csews47 port 22: No route to host
 16:14:42 up 37 days,  3:27,  0 users,  load average: 11.60, 11.66, 10.53
 16:14:43 up 43 days, 21:53,  0 users,  load average: 11.56, 11.55, 10.49
 16:14:42 up 77 days,  5:30,  0 users,  load average: 8.10, 8.16, 8.15
 16:14:44 up 77 days,  5:29,  0 users,  load average: 8.31, 8.18, 8.15
 16:14:43 up 77 days,  5:29,  0 users,  load average: 8.22, 8.14, 8.14
 16:14:43 up 48 days, 55 min,  0 users,  load average: 8.20, 8.17, 8.15
 16:14:44 up 43 days,  5:12,  0 users,  load average: 8.12, 8.17, 8.16
 16:20:41 up 77 days,  5:28,  0 users,  load average: 8.40, 8.16, 8.15
[3J[H[2Jcsews2
csews3
csews4
csews2,csews3,csews4,csews5,csews6,csews7,csews8,csews9,csews10,csews11,csews12,csews14,csews15,csews16,csews31
1 1
csews13
csews17
csews18
csews19
csews20
csews13,csews17,csews18,csews19,csews20,csews21,csews22,csews23,csews24,csews25,csews26,csews27,csews28,csews29,csews30,csews32
2 2
csews33
csews34
csews35
csews36
csews37
csews33,csews34,csews35,csews36,csews37,csews38,csews39,csews40,csews41,csews42,csews43,csews44,csews46
3 3
csews45
csews47
csews48
csews49
csews45,csews47,csews48,csews49,csews50,csews51,csews52,csews53,csews54,csews56,csews58,csews59,csews60,csews61
4 4
csews62
csews63
csews64
csews62,csews63,csews64,csews65,csews66,csews67,csews68,csews69,csews70,csews71,csews72,csews73,csews74,csews75,csews76,csews77,csews78
5 5
csews79
csews80
csews81
i 1  P 16 ppn 1 d 16
i 1  P 16 ppn 1 d 256
i 1  P 16 ppn 1 d 2048
 16:33:59 up 9 days,  3:49,  0 users,  load average: 35.30, 33.78, 31.87
 16:34:00 up 43 days, 22:12,  2 users,  load average: 9.24, 9.64, 10.40
 16:40:21 up 43 days, 22:18,  6 users,  load average: 5.43, 5.61, 6.03
 16:40:23 up 3 days, 19:03,  2 users,  load average: 30.94, 30.17, 29.73
 16:40:23 up 1 day, 17:41,  1 user,  load average: 4.00, 3.32, 3.15
ssh: connect to host csews18 port 22: No route to host
ssh: connect to host csews19 port 22: No route to host
 16:40:29 up 3 days, 23:03,  1 user,  load average: 2.92, 3.18, 3.24
ssh: connect to host csews33 port 22: No route to host
ssh: connect to host csews34 port 22: No route to host
 16:40:38 up 43 days,  5:04,  0 users,  load average: 37.53, 36.25, 35.85
 16:40:38 up 43 days,  5:04,  1 user,  load average: 2.88, 2.65, 2.70
 16:40:39 up 35 days,  1:47,  2 users,  load average: 3.82, 3.13, 2.94
 16:40:40 up 43 days, 22:18,  1 user,  load average: 33.44, 32.78, 32.94
ssh: connect to host csews47 port 22: No route to host
 16:40:44 up 37 days,  3:53,  0 users,  load average: 8.60, 8.57, 8.82
 16:40:45 up 43 days, 22:19,  0 users,  load average: 8.69, 8.55, 8.80
 16:40:44 up 77 days,  5:56,  0 users,  load average: 8.23, 8.26, 8.22
 16:40:46 up 77 days,  5:55,  0 users,  load average: 8.09, 8.18, 8.17
 16:40:45 up 77 days,  5:55,  0 users,  load average: 8.07, 8.15, 8.14
 16:40:44 up 48 days,  1:21,  0 users,  load average: 8.15, 8.15, 8.14
 16:40:45 up 43 days,  5:38,  0 users,  load average: 8.45, 8.23, 8.17
 16:46:43 up 77 days,  5:55,  0 users,  load average: 8.43, 8.18, 8.15
[3J[H[2Jcsews2
csews3
csews4
csews2,csews3,csews4,csews5,csews6,csews7,csews8,csews9,csews10,csews11,csews12,csews14,csews15,csews16,csews31
1 1
csews13
csews17
csews18
csews19
csews20
csews13,csews17,csews18,csews19,csews20,csews21,csews22,csews23,csews24,csews25,csews26,csews27,csews28,csews29,csews30,csews32
2 2
csews33
csews34
csews35
csews36
csews37
csews33,csews34,csews35,csews36,csews37,csews38,csews39,csews40,csews41,csews42,csews43,csews44,csews46
3 3
csews45
csews47
csews48
csews49
csews45,csews47,csews48,csews49,csews50,csews51,csews52,csews53,csews54,csews56,csews58,csews59,csews60,csews61
4 4
csews62
csews63
csews64
csews62,csews63,csews64,csews65,csews66,csews67,csews68,csews69,csews70,csews71,csews72,csews73,csews74,csews75,csews76,csews77,csews78
5 5
csews79
csews80
csews81
i 1  P 16 ppn 8 d 16
i 1  P 16 ppn 8 d 256
i 1  P 16 ppn 8 d 2048
 16:43:01 up 9 days,  3:58,  0 users,  load average: 41.71, 39.62, 35.53
 16:43:02 up 3 days, 19:05,  2 users,  load average: 32.16, 31.51, 30.34
ssh: connect to host csews33 port 22: No route to host
ssh: connect to host csews34 port 22: No route to host
 16:43:11 up 43 days,  5:07,  0 users,  load average: 38.45, 36.90, 36.14
 16:43:13 up 43 days, 22:21,  1 user,  load average: 34.27, 33.23, 33.07
 16:43:11 up 77 days,  5:59,  0 users,  load average: 8.12, 8.22, 8.22
 16:43:10 up 48 days,  1:24,  0 users,  load average: 8.41, 8.23, 8.17
[3J[H[2Jcsews2
csews2,csews3,csews4,csews5,csews6,csews7,csews8,csews9,csews10,csews11,csews12,csews14,csews15,csews16,csews31
1 1
csews13
csews13,csews17,csews18,csews19,csews20,csews21,csews22,csews23,csews24,csews25,csews26,csews27,csews28,csews29,csews30,csews32
2 2
csews33
csews34
csews35
csews33,csews34,csews35,csews36,csews37,csews38,csews39,csews40,csews41,csews42,csews43,csews44,csews46
3 3
csews45
csews45,csews47,csews48,csews49,csews50,csews51,csews52,csews53,csews54,csews56,csews58,csews59,csews60,csews61
4 4
csews62
csews62,csews63,csews64,csews65,csews66,csews67,csews68,csews69,csews70,csews71,csews72,csews73,csews74,csews75,csews76,csews77,csews78
5 5
csews79
i 2  P 4 ppn 1 d 16
i 2  P 4 ppn 1 d 256
i 2  P 4 ppn 1 d 2048
 16:45:13 up 9 days,  4:00,  0 users,  load average: 40.39, 39.66, 36.08
 16:45:14 up 3 days, 19:08,  2 users,  load average: 32.66, 32.28, 30.81
ssh: connect to host csews33 port 22: No route to host
ssh: connect to host csews34 port 22: No route to host
 16:45:23 up 43 days,  5:09,  0 users,  load average: 37.86, 37.49, 36.48
 16:45:24 up 43 days, 22:23,  1 user,  load average: 33.05, 33.27, 33.12
 16:45:23 up 77 days,  6:01,  0 users,  load average: 8.10, 8.19, 8.21
 16:45:22 up 48 days,  1:26,  0 users,  load average: 8.22, 8.21, 8.16
[3J[H[2Jcsews2
csews2,csews3,csews4,csews5,csews6,csews7,csews8,csews9,csews10,csews11,csews12,csews14,csews15,csews16,csews31
1 1
csews13
csews13,csews17,csews18,csews19,csews20,csews21,csews22,csews23,csews24,csews25,csews26,csews27,csews28,csews29,csews30,csews32
2 2
csews33
csews34
csews35
csews33,csews34,csews35,csews36,csews37,csews38,csews39,csews40,csews41,csews42,csews43,csews44,csews46
3 3
csews45
csews45,csews47,csews48,csews49,csews50,csews51,csews52,csews53,csews54,csews56,csews58,csews59,csews60,csews61
4 4
csews62
csews62,csews63,csews64,csews65,csews66,csews67,csews68,csews69,csews70,csews71,csews72,csews73,csews74,csews75,csews76,csews77,csews78
5 5
csews79
i 2  P 4 ppn 8 d 16
i 2  P 4 ppn 8 d 256
i 2  P 4 ppn 8 d 2048
 16:52:30 up 9 days,  4:08,  0 users,  load average: 36.47, 37.25, 36.21
 16:52:31 up 43 days, 22:30,  2 users,  load average: 10.76, 11.05, 11.13
 16:58:42 up 43 days, 22:36,  6 users,  load average: 8.66, 8.75, 7.44
 16:58:43 up 3 days, 19:21,  2 users,  load average: 29.91, 30.17, 30.36
 16:58:44 up 1 day, 17:59,  1 user,  load average: 2.40, 2.72, 3.03
ssh: connect to host csews18 port 22: No route to host
ssh: connect to host csews19 port 22: No route to host
 16:58:50 up 3 days, 23:21,  2 users,  load average: 2.31, 2.46, 2.86
ssh: connect to host csews33 port 22: No route to host
ssh: connect to host csews34 port 22: No route to host
 16:58:58 up 43 days,  5:22,  0 users,  load average: 38.00, 35.96, 35.98
 16:58:59 up 43 days,  5:22,  1 user,  load average: 1.95, 2.16, 2.48
 16:58:59 up 35 days,  2:06,  2 users,  load average: 2.02, 2.41, 2.77
 16:59:01 up 43 days, 22:37,  1 user,  load average: 32.57, 32.47, 32.65
ssh: connect to host csews47 port 22: No route to host
 16:59:05 up 37 days,  4:11,  0 users,  load average: 8.25, 8.38, 8.52
 16:59:06 up 43 days, 22:37,  0 users,  load average: 8.26, 8.33, 8.46
 16:59:04 up 77 days,  6:15,  0 users,  load average: 8.32, 8.23, 8.23
 16:59:06 up 77 days,  6:14,  0 users,  load average: 8.44, 8.27, 8.24
 16:59:05 up 77 days,  6:14,  0 users,  load average: 8.15, 8.16, 8.14
 16:59:05 up 48 days,  1:40,  0 users,  load average: 8.10, 8.18, 8.16
 16:59:06 up 43 days,  5:56,  0 users,  load average: 8.23, 8.20, 8.17
 17:05:03 up 77 days,  6:13,  0 users,  load average: 8.13, 8.17, 8.18
[3J[H[2Jcsews2
csews3
csews4
csews2,csews3,csews4,csews5,csews6,csews7,csews8,csews9,csews10,csews11,csews12,csews14,csews15,csews16,csews31
1 1
csews13
csews17
csews18
csews19
csews20
csews13,csews17,csews18,csews19,csews20,csews21,csews22,csews23,csews24,csews25,csews26,csews27,csews28,csews29,csews30,csews32
2 2
csews33
csews34
csews35
csews36
csews37
csews33,csews34,csews35,csews36,csews37,csews38,csews39,csews40,csews41,csews42,csews43,csews44,csews46
3 3
csews45
csews47
csews48
csews49
csews45,csews47,csews48,csews49,csews50,csews51,csews52,csews53,csews54,csews56,csews58,csews59,csews60,csews61
4 4
csews62
csews63
csews64
csews62,csews63,csews64,csews65,csews66,csews67,csews68,csews69,csews70,csews71,csews72,csews73,csews74,csews75,csews76,csews77,csews78
5 5
csews79
csews80
csews81
i 2  P 16 ppn 1 d 16
ssh_exchange_identification: Connection closed by remote host
