 08:56:54 up 8 days, 20:12,  0 users,  load average: 30.42, 28.71, 28.19
 08:56:55 up 3 days, 11:19,  2 users,  load average: 27.48, 28.34, 28.38
ssh: connect to host csews33 port 22: No route to host
ssh: connect to host csews34 port 22: No route to host
 08:57:02 up 42 days, 21:20,  0 users,  load average: 34.29, 34.77, 34.94
 08:57:04 up 43 days, 14:35,  2 users,  load average: 32.60, 32.53, 32.55
 08:57:03 up 76 days, 22:13,  0 users,  load average: 8.18, 8.20, 8.18
 08:57:02 up 47 days, 17:38,  0 users,  load average: 8.28, 8.30, 8.27
[3;J[H[2Jcsews2
csews2,csews3,csews4,csews5,csews6,csews7,csews8,csews9,csews10,csews11,csews12,csews14,csews15,csews16,csews31
1 1
csews13
csews13,csews17,csews18,csews19,csews20,csews21,csews22,csews23,csews24,csews25,csews26,csews27,csews28,csews29,csews30,csews32
2 2
csews33
csews34
csews35
csews33,csews34,csews35,csews36,csews37,csews38,csews39,csews40,csews41,csews42,csews43,csews44,csews46
3 3
csews45
csews45,csews47,csews48,csews49,csews50,csews51,csews52,csews53,csews54,csews56,csews58,csews59,csews60,csews61
4 4
csews62
csews62,csews63,csews64,csews65,csews66,csews67,csews68,csews69,csews70,csews71,csews72,csews73,csews74,csews75,csews76,csews77,csews78
5 5
csews79
i 1  P 4 ppn 1 d 16
i 1  P 4 ppn 1 d 256
i 1  P 4 ppn 1 d 2048
 08:59:01 up 8 days, 20:14,  0 users,  load average: 28.70, 28.89, 28.34
 08:59:02 up 3 days, 11:21,  2 users,  load average: 28.90, 28.84, 28.57
ssh: connect to host csews33 port 22: No route to host
ssh: connect to host csews34 port 22: No route to host
 08:59:10 up 42 days, 21:22,  0 users,  load average: 34.99, 34.93, 34.98
 08:59:11 up 43 days, 14:37,  2 users,  load average: 33.08, 32.70, 32.60
 08:59:10 up 76 days, 22:15,  0 users,  load average: 8.07, 8.16, 8.17
 08:59:09 up 47 days, 17:40,  0 users,  load average: 8.27, 8.27, 8.26
[3;J[H[2Jcsews2
csews2,csews3,csews4,csews5,csews6,csews7,csews8,csews9,csews10,csews11,csews12,csews14,csews15,csews16,csews31
1 1
csews13
csews13,csews17,csews18,csews19,csews20,csews21,csews22,csews23,csews24,csews25,csews26,csews27,csews28,csews29,csews30,csews32
2 2
csews33
csews34
csews35
csews33,csews34,csews35,csews36,csews37,csews38,csews39,csews40,csews41,csews42,csews43,csews44,csews46
3 3
csews45
csews45,csews47,csews48,csews49,csews50,csews51,csews52,csews53,csews54,csews56,csews58,csews59,csews60,csews61
4 4
csews62
csews62,csews63,csews64,csews65,csews66,csews67,csews68,csews69,csews70,csews71,csews72,csews73,csews74,csews75,csews76,csews77,csews78
5 5
csews79
i 1  P 4 ppn 8 d 16
i 1  P 4 ppn 8 d 256
i 1  P 4 ppn 8 d 2048
 09:01:02 up 8 days, 20:16,  0 users,  load average: 28.34, 28.66, 28.31
 09:01:02 up 43 days, 14:39,  1 user,  load average: 9.18, 9.74, 9.76
ssh_exchange_identification: Connection closed by remote host
 09:01:03 up 36 days, 20:41,  0 users,  load average: 17.59, 15.95, 15.64
 09:01:04 up 3 days, 11:24,  2 users,  load average: 28.32, 28.71, 28.56
 09:01:04 up 1 day, 10:01,  1 user,  load average: 2.17, 2.12, 2.03
 09:01:05 up 3 days, 14:28,  3 users,  load average: 2.97, 3.24, 2.74
ssh: connect to host csews33 port 22: No route to host
ssh: connect to host csews34 port 22: No route to host
 09:01:12 up 42 days, 21:25,  0 users,  load average: 34.69, 34.83, 34.93
 09:01:13 up 42 days, 21:24,  2 users,  load average: 1.62, 1.42, 1.41
 09:01:13 up 34 days, 18:08,  2 users,  load average: 1.40, 1.43, 1.47
 09:01:15 up 43 days, 14:39,  2 users,  load average: 32.49, 32.61, 32.58
ssh: connect to host csews47 port 22: No route to host
 09:01:19 up 36 days, 20:13,  0 users,  load average: 8.39, 8.37, 8.29
 09:01:20 up 43 days, 14:39,  0 users,  load average: 8.97, 8.51, 8.36
 09:01:19 up 76 days, 22:17,  0 users,  load average: 8.38, 8.27, 8.21
 09:01:21 up 76 days, 22:16,  0 users,  load average: 8.26, 8.21, 8.17
 09:01:20 up 76 days, 22:16,  0 users,  load average: 8.42, 8.27, 8.20
 09:01:20 up 47 days, 17:42,  0 users,  load average: 8.26, 8.27, 8.26
 09:01:20 up 42 days, 21:58,  0 users,  load average: 8.23, 8.18, 8.16
 09:07:18 up 76 days, 22:15,  0 users,  load average: 8.20, 8.18, 8.16
[3;J[H[2Jcsews2
csews3
csews4
csews5
csews2,csews3,csews4,csews5,csews6,csews7,csews8,csews9,csews10,csews11,csews12,csews14,csews15,csews16,csews31
1 1
csews13
csews17
csews18
csews13,csews17,csews18,csews19,csews20,csews21,csews22,csews23,csews24,csews25,csews26,csews27,csews28,csews29,csews30,csews32
2 2
csews33
csews34
csews35
csews36
csews37
csews33,csews34,csews35,csews36,csews37,csews38,csews39,csews40,csews41,csews42,csews43,csews44,csews46
3 3
csews45
csews47
csews48
csews49
csews45,csews47,csews48,csews49,csews50,csews51,csews52,csews53,csews54,csews56,csews58,csews59,csews60,csews61
4 4
csews62
csews63
csews64
csews62,csews63,csews64,csews65,csews66,csews67,csews68,csews69,csews70,csews71,csews72,csews73,csews74,csews75,csews76,csews77,csews78
5 5
csews79
csews80
csews81
i 1  P 16 ppn 1 d 16
i 1  P 16 ppn 1 d 256
i 1  P 16 ppn 1 d 2048
 09:03:34 up 8 days, 20:19,  0 users,  load average: 28.93, 28.81, 28.42
 09:03:34 up 43 days, 14:41,  1 user,  load average: 10.88, 10.27, 9.95
ssh_exchange_identification: Connection closed by remote host
 09:03:34 up 36 days, 20:44,  0 users,  load average: 13.63, 15.08, 15.37
 09:03:35 up 3 days, 11:26,  2 users,  load average: 26.73, 27.79, 28.22
 09:03:36 up 1 day, 10:04,  1 user,  load average: 2.10, 1.88, 1.94
 09:03:36 up 3 days, 14:31,  3 users,  load average: 2.21, 2.64, 2.57
ssh: connect to host csews33 port 22: No route to host
ssh: connect to host csews34 port 22: No route to host
 09:03:44 up 42 days, 21:27,  0 users,  load average: 34.38, 34.46, 34.76
 09:03:45 up 42 days, 21:27,  2 users,  load average: 1.63, 1.50, 1.44
 09:03:45 up 34 days, 18:11,  2 users,  load average: 1.72, 1.48, 1.47
 09:03:47 up 43 days, 14:42,  2 users,  load average: 33.40, 32.84, 32.67
ssh: connect to host csews47 port 22: No route to host
 09:03:51 up 36 days, 20:16,  0 users,  load average: 9.00, 8.55, 8.36
 09:03:52 up 43 days, 14:42,  0 users,  load average: 9.08, 8.69, 8.45
 09:03:51 up 76 days, 22:19,  0 users,  load average: 8.99, 8.51, 8.31
 09:03:52 up 76 days, 22:18,  0 users,  load average: 8.90, 8.44, 8.25
 09:03:52 up 76 days, 22:18,  0 users,  load average: 8.98, 8.51, 8.30
 09:03:51 up 47 days, 17:44,  0 users,  load average: 8.90, 8.48, 8.34
 09:03:52 up 42 days, 22:01,  0 users,  load average: 8.17, 8.16, 8.15
 09:09:49 up 76 days, 22:18,  0 users,  load average: 8.12, 8.14, 8.15
[3;J[H[2Jcsews2
csews3
csews4
csews5
csews2,csews3,csews4,csews5,csews6,csews7,csews8,csews9,csews10,csews11,csews12,csews14,csews15,csews16,csews31
1 1
csews13
csews17
csews18
csews13,csews17,csews18,csews19,csews20,csews21,csews22,csews23,csews24,csews25,csews26,csews27,csews28,csews29,csews30,csews32
2 2
csews33
csews34
csews35
csews36
csews37
csews33,csews34,csews35,csews36,csews37,csews38,csews39,csews40,csews41,csews42,csews43,csews44,csews46
3 3
csews45
csews47
csews48
csews49
csews45,csews47,csews48,csews49,csews50,csews51,csews52,csews53,csews54,csews56,csews58,csews59,csews60,csews61
4 4
csews62
csews63
csews64
csews62,csews63,csews64,csews65,csews66,csews67,csews68,csews69,csews70,csews71,csews72,csews73,csews74,csews75,csews76,csews77,csews78
5 5
csews79
csews80
csews81
i 1  P 16 ppn 8 d 16
i 1  P 16 ppn 8 d 256
i 1  P 16 ppn 8 d 2048
 09:06:00 up 8 days, 20:21,  0 users,  load average: 30.81, 29.38, 28.67
 09:06:01 up 3 days, 11:28,  2 users,  load average: 30.30, 28.46, 28.38
ssh: connect to host csews33 port 22: No route to host
ssh: connect to host csews34 port 22: No route to host
 09:06:09 up 42 days, 21:29,  0 users,  load average: 34.24, 34.36, 34.68
 09:06:11 up 43 days, 14:44,  2 users,  load average: 33.00, 32.78, 32.66
 09:06:10 up 76 days, 22:22,  0 users,  load average: 8.31, 8.40, 8.30
 09:06:08 up 47 days, 17:47,  0 users,  load average: 8.26, 8.37, 8.31
[3;J[H[2Jcsews2
csews2,csews3,csews4,csews5,csews6,csews7,csews8,csews9,csews10,csews11,csews12,csews14,csews15,csews16,csews31
1 1
csews13
csews13,csews17,csews18,csews19,csews20,csews21,csews22,csews23,csews24,csews25,csews26,csews27,csews28,csews29,csews30,csews32
2 2
csews33
csews34
csews35
csews33,csews34,csews35,csews36,csews37,csews38,csews39,csews40,csews41,csews42,csews43,csews44,csews46
3 3
csews45
csews45,csews47,csews48,csews49,csews50,csews51,csews52,csews53,csews54,csews56,csews58,csews59,csews60,csews61
4 4
csews62
csews62,csews63,csews64,csews65,csews66,csews67,csews68,csews69,csews70,csews71,csews72,csews73,csews74,csews75,csews76,csews77,csews78
5 5
csews79
i 2  P 4 ppn 1 d 16
i 2  P 4 ppn 1 d 256
i 2  P 4 ppn 1 d 2048
 09:14:13 up 8 days, 20:29,  0 users,  load average: 27.41, 28.18, 28.33
 09:14:14 up 3 days, 11:37,  2 users,  load average: 26.79, 27.35, 27.93
ssh: connect to host csews33 port 22: No route to host
ssh: connect to host csews34 port 22: No route to host
 09:14:22 up 42 days, 21:38,  0 users,  load average: 34.09, 33.86, 34.28
 09:14:24 up 43 days, 14:52,  2 users,  load average: 32.63, 32.51, 32.56
 09:14:22 up 76 days, 22:30,  0 users,  load average: 8.08, 8.13, 8.20
 09:14:21 up 47 days, 17:55,  0 users,  load average: 8.10, 8.21, 8.26
[3;J[H[2Jcsews2
csews2,csews3,csews4,csews5,csews6,csews7,csews8,csews9,csews10,csews11,csews12,csews14,csews15,csews16,csews31
1 1
csews13
csews13,csews17,csews18,csews19,csews20,csews21,csews22,csews23,csews24,csews25,csews26,csews27,csews28,csews29,csews30,csews32
2 2
csews33
csews34
csews35
csews33,csews34,csews35,csews36,csews37,csews38,csews39,csews40,csews41,csews42,csews43,csews44,csews46
3 3
csews45
csews45,csews47,csews48,csews49,csews50,csews51,csews52,csews53,csews54,csews56,csews58,csews59,csews60,csews61
4 4
csews62
csews62,csews63,csews64,csews65,csews66,csews67,csews68,csews69,csews70,csews71,csews72,csews73,csews74,csews75,csews76,csews77,csews78
5 5
csews79
i 2  P 4 ppn 8 d 16
i 2  P 4 ppn 8 d 256
i 2  P 4 ppn 8 d 2048
 09:16:12 up 8 days, 20:31,  0 users,  load average: 28.01, 28.02, 28.25
 09:16:13 up 43 days, 14:54,  1 user,  load average: 9.58, 9.59, 9.81
 09:22:12 up 43 days, 15:00,  6 users,  load average: 4.01, 4.94, 5.25
 09:22:13 up 3 days, 11:45,  2 users,  load average: 26.91, 26.79, 27.48
 09:22:13 up 1 day, 10:22,  1 user,  load average: 1.94, 1.57, 1.70
 09:22:13 up 3 days, 14:49,  3 users,  load average: 2.37, 2.03, 2.16
ssh: connect to host csews33 port 22: No route to host
ssh: connect to host csews34 port 22: No route to host
 09:22:22 up 42 days, 21:46,  0 users,  load average: 35.14, 34.34, 34.36
 09:22:22 up 42 days, 21:45,  2 users,  load average: 2.41, 1.58, 1.45
 09:22:22 up 34 days, 18:29,  2 users,  load average: 1.95, 1.40, 1.34
 09:22:24 up 43 days, 15:00,  2 users,  load average: 32.15, 32.38, 32.49
ssh: connect to host csews47 port 22: No route to host
 09:22:28 up 36 days, 20:35,  0 users,  load average: 8.21, 8.25, 8.26
 09:22:29 up 43 days, 15:00,  0 users,  load average: 8.06, 8.22, 8.29
 09:22:27 up 76 days, 22:38,  0 users,  load average: 8.06, 8.14, 8.20
 09:22:29 up 76 days, 22:37,  0 users,  load average: 8.07, 8.15, 8.18
 09:22:29 up 76 days, 22:37,  0 users,  load average: 8.11, 8.21, 8.21
 09:22:28 up 47 days, 18:03,  0 users,  load average: 8.08, 8.17, 8.22
 09:22:29 up 42 days, 22:19,  0 users,  load average: 8.02, 8.05, 8.10
 09:28:27 up 76 days, 22:36,  0 users,  load average: 8.09, 8.09, 8.12
[3;J[H[2Jcsews2
csews3
csews4
csews2,csews3,csews4,csews5,csews6,csews7,csews8,csews9,csews10,csews11,csews12,csews14,csews15,csews16,csews31
1 1
csews13
csews17
csews18
csews13,csews17,csews18,csews19,csews20,csews21,csews22,csews23,csews24,csews25,csews26,csews27,csews28,csews29,csews30,csews32
2 2
csews33
csews34
csews35
csews36
csews37
csews33,csews34,csews35,csews36,csews37,csews38,csews39,csews40,csews41,csews42,csews43,csews44,csews46
3 3
csews45
csews47
csews48
csews49
csews45,csews47,csews48,csews49,csews50,csews51,csews52,csews53,csews54,csews56,csews58,csews59,csews60,csews61
4 4
csews62
csews63
csews64
csews62,csews63,csews64,csews65,csews66,csews67,csews68,csews69,csews70,csews71,csews72,csews73,csews74,csews75,csews76,csews77,csews78
5 5
csews79
csews80
csews81
i 2  P 16 ppn 1 d 16
i 2  P 16 ppn 1 d 256
i 2  P 16 ppn 1 d 2048
 09:30:38 up 8 days, 20:46,  0 users,  load average: 26.68, 27.00, 27.54
 09:30:38 up 43 days, 15:08,  1 user,  load average: 9.09, 8.75, 9.15
 09:31:04 up 43 days, 15:09,  6 users,  load average: 3.81, 4.65, 5.09
 09:31:05 up 3 days, 11:54,  2 users,  load average: 26.34, 26.56, 27.08
 09:31:05 up 1 day, 10:31,  1 user,  load average: 2.26, 1.88, 1.73
 09:31:05 up 3 days, 14:58,  3 users,  load average: 1.80, 1.52, 1.85
ssh: connect to host csews33 port 22: No route to host
ssh: connect to host csews34 port 22: No route to host
 09:31:13 up 42 days, 21:55,  0 users,  load average: 33.43, 33.80, 34.13
 09:31:14 up 42 days, 21:54,  2 users,  load average: 0.76, 0.97, 1.17
 09:31:14 up 34 days, 18:38,  2 users,  load average: 0.62, 0.90, 1.13
 09:31:16 up 43 days, 15:09,  2 users,  load average: 32.52, 32.46, 32.47
ssh: connect to host csews47 port 22: No route to host
 09:31:20 up 36 days, 20:43,  0 users,  load average: 8.13, 8.18, 8.21
 09:31:20 up 43 days, 15:09,  0 users,  load average: 8.36, 8.31, 8.29
 09:31:19 up 76 days, 22:47,  0 users,  load average: 8.18, 8.17, 8.18
 09:31:21 up 76 days, 22:46,  0 users,  load average: 8.20, 8.19, 8.17
 09:31:20 up 76 days, 22:46,  0 users,  load average: 8.13, 8.17, 8.21
 09:31:19 up 47 days, 18:12,  0 users,  load average: 8.10, 8.15, 8.20
 09:31:20 up 42 days, 22:28,  0 users,  load average: 8.12, 8.08, 8.09
 09:37:18 up 76 days, 22:45,  0 users,  load average: 8.05, 8.08, 8.12
[3;J[H[2Jcsews2
csews3
csews4
csews2,csews3,csews4,csews5,csews6,csews7,csews8,csews9,csews10,csews11,csews12,csews14,csews15,csews16,csews31
1 1
csews13
csews17
csews18
csews13,csews17,csews18,csews19,csews20,csews21,csews22,csews23,csews24,csews25,csews26,csews27,csews28,csews29,csews30,csews32
2 2
csews33
csews34
csews35
csews36
csews37
csews33,csews34,csews35,csews36,csews37,csews38,csews39,csews40,csews41,csews42,csews43,csews44,csews46
3 3
csews45
csews47
csews48
csews49
csews45,csews47,csews48,csews49,csews50,csews51,csews52,csews53,csews54,csews56,csews58,csews59,csews60,csews61
4 4
csews62
csews63
csews64
csews62,csews63,csews64,csews65,csews66,csews67,csews68,csews69,csews70,csews71,csews72,csews73,csews74,csews75,csews76,csews77,csews78
5 5
csews79
csews80
csews81
i 2  P 16 ppn 8 d 16
ssh_exchange_identification: Connection closed by remote host
